<?xml version="1.0" encoding="UTF-8" standalone="yes"?>
<testsuites time="0.002" tests="1" failures="0" errors="0">
    <testsuite name="GraphWalker" tests="1" failures="0" errors="0" time="0.002" timestamp="2024-10-17T18:51:53">
        <properties>
            <property name="basedir" value="C:\Users\Leo\Documents\tddd04-graphwalker-2023\java-integration-test"/>
            <property name="file.encoding" value="UTF-8"/>
            <property name="file.separator" value="\"/>
            <property name="java.class.path" value="C:\Users\Leo\Documents\tddd04-graphwalker-2023\java-integration-test\target\test-classes;C:\Users\Leo\Documents\tddd04-graphwalker-2023\java-integration-test\target\java-integration-test-4.3.2.jar;C:\Users\Leo\.m2\repository\org\graphwalker\graphwalker-core\4.3.2\graphwalker-core-4.3.2.jar;C:\Users\Leo\.m2\repository\org\graalvm\sdk\graal-sdk\21.0.0.2\graal-sdk-21.0.0.2.jar;C:\Users\Leo\.m2\repository\org\graalvm\js\js\21.0.0.2\js-21.0.0.2.jar;C:\Users\Leo\.m2\repository\org\graalvm\regex\regex\21.0.0.2\regex-21.0.0.2.jar;C:\Users\Leo\.m2\repository\com\ibm\icu\icu4j\67.1\icu4j-67.1.jar;C:\Users\Leo\.m2\repository\org\graalvm\js\js-scriptengine\21.0.0.2\js-scriptengine-21.0.0.2.jar;C:\Users\Leo\.m2\repository\org\graalvm\truffle\truffle-api\21.0.0.2\truffle-api-21.0.0.2.jar;C:\Users\Leo\.m2\repository\org\slf4j\slf4j-api\1.7.26\slf4j-api-1.7.26.jar;C:\Users\Leo\.m2\repository\org\graphwalker\graphwalker-java\4.3.2\graphwalker-java-4.3.2.jar;C:\Users\Leo\.m2\repository\org\graphwalker\graphwalker-dsl\4.3.2\graphwalker-dsl-4.3.2.jar;C:\Users\Leo\.m2\repository\org\antlr\antlr4-runtime\4.9.3\antlr4-runtime-4.9.3.jar;C:\Users\Leo\.m2\repository\org\graphwalker\graphwalker-io\4.3.2\graphwalker-io-4.3.2.jar;C:\Users\Leo\.m2\repository\org\apache\xmlbeans\xmlbeans\3.1.0\xmlbeans-3.1.0.jar;C:\Users\Leo\.m2\repository\org\json\json\20210307\json-20210307.jar;C:\Users\Leo\.m2\repository\org\apache\commons\commons-lang3\3.12.0\commons-lang3-3.12.0.jar;C:\Users\Leo\.m2\repository\org\reflections\reflections\0.10.2\reflections-0.10.2.jar;C:\Users\Leo\.m2\repository\com\google\code\findbugs\jsr305\3.0.2\jsr305-3.0.2.jar;C:\Users\Leo\.m2\repository\com\google\code\javaparser\javaparser\1.0.11\javaparser-1.0.11.jar;C:\Users\Leo\.m2\repository\commons-io\commons-io\2.11.0\commons-io-2.11.0.jar;C:\Users\Leo\.m2\repository\com\google\code\gson\gson\2.8.9\gson-2.8.9.jar;C:\Users\Leo\.m2\repository\com\sun\xml\bind\jaxb-core\2.3.0.1\jaxb-core-2.3.0.1.jar;C:\Users\Leo\.m2\repository\com\sun\xml\bind\jaxb-impl\2.3.1\jaxb-impl-2.3.1.jar;C:\Users\Leo\.m2\repository\org\javassist\javassist\3.28.0-GA\javassist-3.28.0-GA.jar;C:\Users\Leo\.m2\repository\com\google\guava\guava\31.0.1-jre\guava-31.0.1-jre.jar;C:\Users\Leo\.m2\repository\com\google\guava\failureaccess\1.0.1\failureaccess-1.0.1.jar;C:\Users\Leo\.m2\repository\com\google\guava\listenablefuture\9999.0-empty-to-avoid-conflict-with-guava\listenablefuture-9999.0-empty-to-avoid-conflict-with-guava.jar;C:\Users\Leo\.m2\repository\org\checkerframework\checker-qual\3.12.0\checker-qual-3.12.0.jar;C:\Users\Leo\.m2\repository\com\google\errorprone\error_prone_annotations\2.7.1\error_prone_annotations-2.7.1.jar;C:\Users\Leo\.m2\repository\com\google\j2objc\j2objc-annotations\1.3\j2objc-annotations-1.3.jar;C:\Users\Leo\.m2\repository\junit\junit\4.13.2\junit-4.13.2.jar;C:\Users\Leo\.m2\repository\org\hamcrest\hamcrest-core\1.3\hamcrest-core-1.3.jar;C:\Users\Leo\.m2\repository\javax\xml\bind\jaxb-api\2.3.1\jaxb-api-2.3.1.jar;C:\Users\Leo\.m2\repository\javax\activation\javax.activation-api\1.2.0\javax.activation-api-1.2.0.jar;C:\Users\Leo\.m2\repository\org\glassfish\jaxb\jaxb-runtime\2.3.1\jaxb-runtime-2.3.1.jar;C:\Users\Leo\.m2\repository\org\glassfish\jaxb\txw2\2.3.1\txw2-2.3.1.jar;C:\Users\Leo\.m2\repository\com\sun\istack\istack-commons-runtime\3.0.7\istack-commons-runtime-3.0.7.jar;C:\Users\Leo\.m2\repository\org\jvnet\staxex\stax-ex\1.8\stax-ex-1.8.jar;C:\Users\Leo\.m2\repository\com\sun\xml\fastinfoset\FastInfoset\1.2.15\FastInfoset-1.2.15.jar;"/>
            <property name="java.class.version" value="65.0"/>
            <property name="java.home" value="C:\Program Files\Java\jdk-21"/>
            <property name="java.io.tmpdir" value="C:\Users\Leo\AppData\Local\Temp\"/>
            <property name="java.library.path" value="C:\Program Files\Java\jdk-21\bin;C:\Windows\Sun\Java\bin;C:\Windows\system32;C:\Windows;C:\Program Files\Common Files\Oracle\Java\javapath;C:\Program Files (x86)\Common Files\Oracle\Java\java8path;C:\Program Files (x86)\Common Files\Oracle\Java\javapath;C:\Program Files (x86)\Intel\Intel(R) Management Engine Components\iCLS\;C:\Program Files\Intel\Intel(R) Management Engine Components\iCLS\;C:\Windows\system32;C:\Windows;C:\Windows\System32\Wbem;C:\Windows\System32\WindowsPowerShell\v1.0\;C:\Windows\System32\OpenSSH\;C:\Program Files (x86)\Intel\Intel(R) Management Engine Components\DAL;C:\Program Files\Intel\Intel(R) Management Engine Components\DAL;C:\Program Files (x86)\Intel\Intel(R) Management Engine Components\IPT;C:\Program Files\Intel\Intel(R) Management Engine Components\IPT;C:\Program Files\Git\cmd;C:\Users\Leo\AppData\Local\Programs\Python\Python311\Scripts;'C:\Users\Leo\AppData\Roaming\Python\Python311\Scripts;C:\Users\Leo\AppData\Local\Packages\PythonSoftwareFoundation.Python.3.11_qbz5n2kfra8p0\LocalCache\local-packages\Python311\Scripts';C:\Users\Leo\AppData\Local\Packages\PythonSoftwareFoundation.Python.3.11_qbz5n2kfra8p0\LocalCache\local-packages\Python311\Scripts;C:\Program Files\nodejs\;C:\ProgramData\chocolatey\bin;C:\Program Files\Azure Data Studio\bin;C:\Program Files (x86)\Microsoft SQL Server\160\Tools\Binn\;C:\Program Files\Microsoft SQL Server\160\Tools\Binn\;C:\Program Files\Microsoft SQL Server\Client SDK\ODBC\170\Tools\Binn\;C:\Program Files\Microsoft SQL Server\160\DTS\Binn\;C:\Program Files (x86)\Microsoft SQL Server\160\DTS\Binn\;C:\Program Files\Microsoft SQL Server\150\Tools\Binn\;C:\Program Files\dotnet\;C:\Program Files (x86)\Windows Kits\10\Windows Performance Toolkit\;C:\Users\Leo\AppData\Local\Microsoft\WindowsApps;C:\Users\Leo\AppData\Local\GitHubDesktop\bin;C:\Users\Leo\AppData\Local\Programs\Microsoft VS Code\bin;C:\Users\Leo\AppData\Roaming\npm;C:\Program Files\Azure Data Studio\bin;C:\Users\Leo\.dotnet\tools;C:\Program Files\apache-maven-3.9.9\bin;;."/>
            <property name="java.runtime.name" value="Java(TM) SE Runtime Environment"/>
            <property name="java.runtime.version" value="21.0.2+13-LTS-58"/>
            <property name="java.specification.name" value="Java Platform API Specification"/>
            <property name="java.specification.vendor" value="Oracle Corporation"/>
            <property name="java.specification.version" value="21"/>
            <property name="java.vendor" value="Oracle Corporation"/>
            <property name="java.vendor.url" value="https://java.oracle.com/"/>
            <property name="java.vendor.url.bug" value="https://bugreport.java.com/bugreport/"/>
            <property name="java.version" value="21.0.2"/>
            <property name="java.version.date" value="2024-01-16"/>
            <property name="java.vm.compressedOopsMode" value="Zero based"/>
            <property name="java.vm.info" value="mixed mode, sharing"/>
            <property name="java.vm.name" value="Java HotSpot(TM) 64-Bit Server VM"/>
            <property name="java.vm.specification.name" value="Java Virtual Machine Specification"/>
            <property name="java.vm.specification.vendor" value="Oracle Corporation"/>
            <property name="java.vm.specification.version" value="21"/>
            <property name="java.vm.vendor" value="Oracle Corporation"/>
            <property name="java.vm.version" value="21.0.2+13-LTS-58"/>
            <property name="jdk.debug" value="release"/>
            <property name="line.separator" value="&#13;&#10;"/>
            <property name="localRepository" value="C:\Users\Leo\.m2\repository"/>
            <property name="native.encoding" value="Cp1252"/>
            <property name="os.arch" value="amd64"/>
            <property name="os.name" value="Windows 11"/>
            <property name="os.version" value="10.0"/>
            <property name="path.separator" value=";"/>
            <property name="stderr.encoding" value="Cp1252"/>
            <property name="stdout.encoding" value="Cp1252"/>
            <property name="sun.arch.data.model" value="64"/>
            <property name="sun.boot.library.path" value="C:\Program Files\Java\jdk-21\bin"/>
            <property name="sun.cpu.endian" value="little"/>
            <property name="sun.cpu.isalist" value="amd64"/>
            <property name="sun.io.unicode.encoding" value="UnicodeLittle"/>
            <property name="sun.java.command" value="C:\Users\Leo\AppData\Local\Temp\surefire11797384426429884139\surefirebooter1947886532134414559.jar C:\Users\Leo\AppData\Local\Temp\surefire11797384426429884139 2024-10-17T18-51-50_560-jvmRun1 surefire13237329041077507358tmp surefire_05391513584730445024tmp"/>
            <property name="sun.java.launcher" value="SUN_STANDARD"/>
            <property name="sun.jnu.encoding" value="Cp1252"/>
            <property name="sun.management.compiler" value="HotSpot 64-Bit Tiered Compilers"/>
            <property name="sun.os.patch.level" value=""/>
            <property name="surefire.real.class.path" value="C:\Users\Leo\AppData\Local\Temp\surefire11797384426429884139\surefirebooter1947886532134414559.jar"/>
            <property name="surefire.test.class.path" value="C:\Users\Leo\Documents\tddd04-graphwalker-2023\java-integration-test\target\test-classes;C:\Users\Leo\Documents\tddd04-graphwalker-2023\java-integration-test\target\java-integration-test-4.3.2.jar;C:\Users\Leo\.m2\repository\org\graphwalker\graphwalker-core\4.3.2\graphwalker-core-4.3.2.jar;C:\Users\Leo\.m2\repository\org\graalvm\sdk\graal-sdk\21.0.0.2\graal-sdk-21.0.0.2.jar;C:\Users\Leo\.m2\repository\org\graalvm\js\js\21.0.0.2\js-21.0.0.2.jar;C:\Users\Leo\.m2\repository\org\graalvm\regex\regex\21.0.0.2\regex-21.0.0.2.jar;C:\Users\Leo\.m2\repository\com\ibm\icu\icu4j\67.1\icu4j-67.1.jar;C:\Users\Leo\.m2\repository\org\graalvm\js\js-scriptengine\21.0.0.2\js-scriptengine-21.0.0.2.jar;C:\Users\Leo\.m2\repository\org\graalvm\truffle\truffle-api\21.0.0.2\truffle-api-21.0.0.2.jar;C:\Users\Leo\.m2\repository\org\slf4j\slf4j-api\1.7.26\slf4j-api-1.7.26.jar;C:\Users\Leo\.m2\repository\org\graphwalker\graphwalker-java\4.3.2\graphwalker-java-4.3.2.jar;C:\Users\Leo\.m2\repository\org\graphwalker\graphwalker-dsl\4.3.2\graphwalker-dsl-4.3.2.jar;C:\Users\Leo\.m2\repository\org\antlr\antlr4-runtime\4.9.3\antlr4-runtime-4.9.3.jar;C:\Users\Leo\.m2\repository\org\graphwalker\graphwalker-io\4.3.2\graphwalker-io-4.3.2.jar;C:\Users\Leo\.m2\repository\org\apache\xmlbeans\xmlbeans\3.1.0\xmlbeans-3.1.0.jar;C:\Users\Leo\.m2\repository\org\json\json\20210307\json-20210307.jar;C:\Users\Leo\.m2\repository\org\apache\commons\commons-lang3\3.12.0\commons-lang3-3.12.0.jar;C:\Users\Leo\.m2\repository\org\reflections\reflections\0.10.2\reflections-0.10.2.jar;C:\Users\Leo\.m2\repository\com\google\code\findbugs\jsr305\3.0.2\jsr305-3.0.2.jar;C:\Users\Leo\.m2\repository\com\google\code\javaparser\javaparser\1.0.11\javaparser-1.0.11.jar;C:\Users\Leo\.m2\repository\commons-io\commons-io\2.11.0\commons-io-2.11.0.jar;C:\Users\Leo\.m2\repository\com\google\code\gson\gson\2.8.9\gson-2.8.9.jar;C:\Users\Leo\.m2\repository\com\sun\xml\bind\jaxb-core\2.3.0.1\jaxb-core-2.3.0.1.jar;C:\Users\Leo\.m2\repository\com\sun\xml\bind\jaxb-impl\2.3.1\jaxb-impl-2.3.1.jar;C:\Users\Leo\.m2\repository\org\javassist\javassist\3.28.0-GA\javassist-3.28.0-GA.jar;C:\Users\Leo\.m2\repository\com\google\guava\guava\31.0.1-jre\guava-31.0.1-jre.jar;C:\Users\Leo\.m2\repository\com\google\guava\failureaccess\1.0.1\failureaccess-1.0.1.jar;C:\Users\Leo\.m2\repository\com\google\guava\listenablefuture\9999.0-empty-to-avoid-conflict-with-guava\listenablefuture-9999.0-empty-to-avoid-conflict-with-guava.jar;C:\Users\Leo\.m2\repository\org\checkerframework\checker-qual\3.12.0\checker-qual-3.12.0.jar;C:\Users\Leo\.m2\repository\com\google\errorprone\error_prone_annotations\2.7.1\error_prone_annotations-2.7.1.jar;C:\Users\Leo\.m2\repository\com\google\j2objc\j2objc-annotations\1.3\j2objc-annotations-1.3.jar;C:\Users\Leo\.m2\repository\junit\junit\4.13.2\junit-4.13.2.jar;C:\Users\Leo\.m2\repository\org\hamcrest\hamcrest-core\1.3\hamcrest-core-1.3.jar;C:\Users\Leo\.m2\repository\javax\xml\bind\jaxb-api\2.3.1\jaxb-api-2.3.1.jar;C:\Users\Leo\.m2\repository\javax\activation\javax.activation-api\1.2.0\javax.activation-api-1.2.0.jar;C:\Users\Leo\.m2\repository\org\glassfish\jaxb\jaxb-runtime\2.3.1\jaxb-runtime-2.3.1.jar;C:\Users\Leo\.m2\repository\org\glassfish\jaxb\txw2\2.3.1\txw2-2.3.1.jar;C:\Users\Leo\.m2\repository\com\sun\istack\istack-commons-runtime\3.0.7\istack-commons-runtime-3.0.7.jar;C:\Users\Leo\.m2\repository\org\jvnet\staxex\stax-ex\1.8\stax-ex-1.8.jar;C:\Users\Leo\.m2\repository\com\sun\xml\fastinfoset\FastInfoset\1.2.15\FastInfoset-1.2.15.jar;"/>
            <property name="user.country" value="SE"/>
            <property name="user.dir" value="C:\Users\Leo\Documents\tddd04-graphwalker-2023\java-integration-test"/>
            <property name="user.home" value="C:\Users\Leo"/>
            <property name="user.language" value="sv"/>
            <property name="user.name" value="Leo"/>
            <property name="user.script" value=""/>
            <property name="user.timezone" value="Europe/Stockholm"/>
            <property name="user.variant" value=""/>
        </properties>
        <testcase name="CalculatorAStarTest" time="0.002" classname="org.graphwalker.example.CalculatorAStarTest"/>
    </testsuite>
</testsuites>
